<?xml version="1.0" encoding="UTF-8"?>
<!-- Generated by org.testng.reporters.JUnitXMLReporter -->
<testsuite ignored="3" hostname="Mohan" failures="5" tests="32" name="Test" time="0.086" errors="0" timestamp="2024-07-19T10:29:52 IST">
  <testcase classname="tests.Priority" name="m1" time="0.006"/>
  <testcase classname="tests.DependsOn" name="EnableMethod1" time="0.006"/>
  <testcase classname="tests.Enable" name="EnableMethod1" time="0.004"/>
  <testcase classname="tests.AssertsDemo" name="EnableMethod1" time="0.01"/>
  <testcase classname="tests.AssertsDemo" name="EnableMethod2" time="0.009">
    <failure type="java.lang.AssertionError" message="expected [true] but found [false]">
      <![CDATA[java.lang.AssertionError: expected [true] but found [false]
at tests.AssertsDemo.EnableMethod2(AssertsDemo.java:18)
at java.base/java.util.concurrent.Executors$RunnableAdapter.call(Executors.java:539)
at java.base/java.util.concurrent.FutureTask.run(FutureTask.java:264)
at java.base/java.util.concurrent.ThreadPoolExecutor.runWorker(ThreadPoolExecutor.java:1136)
at java.base/java.util.concurrent.ThreadPoolExecutor$Worker.run(ThreadPoolExecutor.java:635)
at java.base/java.lang.Thread.run(Thread.java:840)
... Removed 17 stack frames]]>
    </failure>
  </testcase> <!-- EnableMethod2 -->
  <testcase classname="tests.SoftAssertsDemo" name="EnableMethod2" time="0.01">
    <failure type="java.lang.AssertionError" message="The following asserts failed:
	expected [true] but found [false],
	expected [false] but found [true]">
      <![CDATA[java.lang.AssertionError: The following asserts failed:
expected [true] but found [false],
expected [false] but found [true]
at tests.SoftAssertsDemo.EnableMethod2(SoftAssertsDemo.java:28)
at java.base/java.util.concurrent.Executors$RunnableAdapter.call(Executors.java:539)
at java.base/java.util.concurrent.FutureTask.run(FutureTask.java:264)
at java.base/java.util.concurrent.ThreadPoolExecutor.runWorker(ThreadPoolExecutor.java:1136)
at java.base/java.util.concurrent.ThreadPoolExecutor$Worker.run(ThreadPoolExecutor.java:635)
at java.base/java.lang.Thread.run(Thread.java:840)
... Removed 15 stack frames]]>
    </failure>
  </testcase> <!-- EnableMethod2 -->
  <testcase classname="tests.SoftAssertsDemo" name="EnableMethod3" time="0.006">
    <failure type="java.lang.AssertionError" message="The following asserts failed:
	expected [true] but found [false],
	expected [false] but found [true]">
      <![CDATA[java.lang.AssertionError: The following asserts failed:
expected [true] but found [false],
expected [false] but found [true]
at tests.SoftAssertsDemo.EnableMethod3(SoftAssertsDemo.java:37)
at java.base/java.util.concurrent.Executors$RunnableAdapter.call(Executors.java:539)
at java.base/java.util.concurrent.FutureTask.run(FutureTask.java:264)
at java.base/java.util.concurrent.ThreadPoolExecutor.runWorker(ThreadPoolExecutor.java:1136)
at java.base/java.util.concurrent.ThreadPoolExecutor$Worker.run(ThreadPoolExecutor.java:635)
at java.base/java.lang.Thread.run(Thread.java:840)
... Removed 15 stack frames]]>
    </failure>
  </testcase> <!-- EnableMethod3 -->
  <testcase classname="tests.SoftAssertsDemo" name="EnableMethod1" time="0.024"/>
  <testcase classname="tests.AssertsDemo" name="EnableMethod3" time="0.005">
    <failure type="java.lang.AssertionError" message="expected [false] but found [true]">
      <![CDATA[java.lang.AssertionError: expected [false] but found [true]
at tests.AssertsDemo.EnableMethod3(AssertsDemo.java:26)
at java.base/java.util.concurrent.Executors$RunnableAdapter.call(Executors.java:539)
at java.base/java.util.concurrent.FutureTask.run(FutureTask.java:264)
at java.base/java.util.concurrent.ThreadPoolExecutor.runWorker(ThreadPoolExecutor.java:1136)
at java.base/java.util.concurrent.ThreadPoolExecutor$Worker.run(ThreadPoolExecutor.java:635)
at java.base/java.lang.Thread.run(Thread.java:840)
... Removed 20 stack frames]]>
    </failure>
  </testcase> <!-- EnableMethod3 -->
  <testcase classname="tests.AlwaysRun" name="m1" time="0.002">
    <failure type="java.lang.AssertionError" message="null">
      <![CDATA[java.lang.AssertionError: null
at tests.AlwaysRun.m1(AlwaysRun.java:12)
at java.base/java.util.concurrent.Executors$RunnableAdapter.call(Executors.java:539)
at java.base/java.util.concurrent.FutureTask.run(FutureTask.java:264)
at java.base/java.util.concurrent.ThreadPoolExecutor.runWorker(ThreadPoolExecutor.java:1136)
at java.base/java.util.concurrent.ThreadPoolExecutor$Worker.run(ThreadPoolExecutor.java:635)
at java.base/java.lang.Thread.run(Thread.java:840)
... Removed 15 stack frames]]>
    </failure>
  </testcase> <!-- m1 -->
  <testcase classname="tests.ListenersDemo" name="m1" time="0.002"/>
  <testcase classname="tests.DependsOn" name="EnableMethod3" time="0.005"/>
  <testcase classname="tests.AlwaysRun" name="m2" time="0.005"/>
  <testcase classname="tests.ListenersDemo" name="m2" time="0.001"/>
  <testcase classname="tests.DependsOn" name="EnableMethod2" time="0.002"/>
  <testcase classname="tests.DataProviderDemo" name="m1" time="0.005"/>
  <testcase classname="tests.ParameterizationDemo" name="m1" time="0.004"/>
  <testcase classname="tests.DataProviderDemo" name="m1" time="0.001"/>
  <testcase classname="tests.Priority" name="m2" time="0.001"/>
  <testcase classname="tests.GroupdsDemo" name="m2" time="0.003"/>
  <testcase classname="tests.GroupdsDemo" name="m3" time="0.002"/>
  <testcase classname="tests.Priority" name="m2" time="0.002"/>
  <testcase classname="tests.DataProviderDemo" name="m1" time="0.003"/>
  <testcase classname="tests.Priority" name="m2" time="0.001"/>
  <testcase classname="tests.GroupdsDemo" name="m4" time="0.001"/>
  <testcase classname="tests.Priority" name="m2" time="0.0"/>
  <testcase classname="tests.Priority" name="m2" time="0.0"/>
  <testcase classname="tests.Priority" name="m2" time="0.001"/>
  <testcase classname="tests.Priority" name="m2" time="0.001"/>
  <testcase classname="tests.Priority" name="m2" time="0.001"/>
  <testcase classname="tests.Priority" name="m2" time="0.001"/>
  <testcase classname="tests.Priority" name="m2" time="0.001"/>
  <testcase classname="tests.Enable" name="EnableMethod2" time="0.0">
    <ignored/>
  </testcase> <!-- EnableMethod2 -->
  <testcase classname="tests.ParameterizationDemo" name="m2" time="0.0">
    <ignored/>
  </testcase> <!-- m2 -->
  <testcase classname="tests.GroupdsDemo" name="m1" time="0.0">
    <ignored/>
  </testcase> <!-- m1 -->
</testsuite> <!-- Test -->
