<html>
<head>
<title>TestNG:  Test</title>
<link href="../testng.css" rel="stylesheet" type="text/css" />
<link href="../my-testng.css" rel="stylesheet" type="text/css" />

<style type="text/css">
.log { display: none;} 
.stack-trace { display: none;} 
</style>
<script type="text/javascript">
<!--
function flip(e) {
  current = e.style.display;
  if (current == 'block') {
    e.style.display = 'none';
    return 0;
  }
  else {
    e.style.display = 'block';
    return 1;
  }
}

function toggleBox(szDivId, elem, msg1, msg2)
{
  var res = -1;  if (document.getElementById) {
    res = flip(document.getElementById(szDivId));
  }
  else if (document.all) {
    // this is the way old msie versions work
    res = flip(document.all[szDivId]);
  }
  if(elem) {
    if(res == 0) elem.innerHTML = msg1; else elem.innerHTML = msg2;
  }

}

function toggleAllBoxes() {
  if (document.getElementsByTagName) {
    d = document.getElementsByTagName('div');
    for (i = 0; i < d.length; i++) {
      if (d[i].className == 'log') {
        flip(d[i]);
      }
    }
  }
}

// -->
</script>

</head>
<body>
<h2 align='center'>Test</h2><table border='1' align="center">
<tr>
<td>Tests passed/Failed/Skipped:</td><td>27/5/0</td>
</tr><tr>
<td>Started on:</td><td>Fri Jul 19 10:29:52 IST 2024</td>
</tr>
<tr><td>Total time:</td><td>0 seconds (86 ms)</td>
</tr><tr>
<td>Included groups:</td><td></td>
</tr><tr>
<td>Excluded groups:</td><td>regression </td>
</tr>
</table><p/>
<small><i>(Hover the method name to see the test class name)</i></small><p/>
<table width='100%' border='1' class='invocation-failed'>
<tr><td colspan='4' align='center'><b>FAILED TESTS</b></td></tr>
<tr><td><b>Test method</b></td>
<td><b>Attribute(s)</b></td>
<td width="30%"><b>Exception</b></td>
<td width="10%"><b>Time (seconds)</b></td>
<td><b>Instance</b></td>
</tr>
<tr>
<td title='tests.SoftAssertsDemo.EnableMethod2()'><b>EnableMethod2</b><br>Test class: tests.SoftAssertsDemo</td>
<td><div><pre>java.lang.AssertionError: The following asserts failed:
	expected [true] but found [false],
	expected [false] but found [true]
	at tests.SoftAssertsDemo.EnableMethod2(SoftAssertsDemo.java:28)
	at java.base/java.util.concurrent.Executors$RunnableAdapter.call(Executors.java:539)
	at java.base/java.util.concurrent.FutureTask.run(FutureTask.java:264)
	at java.base/java.util.concurrent.ThreadPoolExecutor.runWorker(ThreadPoolExecutor.java:1136)
	at java.base/java.util.concurrent.ThreadPoolExecutor$Worker.run(ThreadPoolExecutor.java:635)
	at java.base/java.lang.Thread.run(Thread.java:840)
... Removed 15 stack frames</pre></div><a href='#' onClick='toggleBox("stack-trace1433831476", this, "Click to show all stack frames", "Click to hide stack frames")'>Click to show all stack frames</a>
<div class='stack-trace' id='stack-trace1433831476'><pre>java.lang.AssertionError: The following asserts failed:
	expected [true] but found [false],
	expected [false] but found [true]
	at org.testng.asserts.SoftAssert.assertAll(SoftAssert.java:46)
	at org.testng.asserts.SoftAssert.assertAll(SoftAssert.java:30)
	at tests.SoftAssertsDemo.EnableMethod2(SoftAssertsDemo.java:28)
	at java.base/jdk.internal.reflect.NativeMethodAccessorImpl.invoke0(Native Method)
	at java.base/jdk.internal.reflect.NativeMethodAccessorImpl.invoke(NativeMethodAccessorImpl.java:77)
	at java.base/jdk.internal.reflect.DelegatingMethodAccessorImpl.invoke(DelegatingMethodAccessorImpl.java:43)
	at java.base/java.lang.reflect.Method.invoke(Method.java:568)
	at org.testng.internal.invokers.MethodInvocationHelper.invokeMethod(MethodInvocationHelper.java:141)
	at org.testng.internal.invokers.TestInvoker.invokeMethod(TestInvoker.java:686)
	at org.testng.internal.invokers.TestInvoker.invokeTestMethod(TestInvoker.java:230)
	at org.testng.internal.invokers.MethodRunner.runInSequence(MethodRunner.java:63)
	at org.testng.internal.invokers.TestInvoker$MethodInvocationAgent.invoke(TestInvoker.java:992)
	at org.testng.internal.invokers.TestInvoker.invokeTestMethods(TestInvoker.java:203)
	at org.testng.internal.invokers.TestMethodWorker.invokeTestMethods(TestMethodWorker.java:154)
	at org.testng.internal.invokers.TestMethodWorker.run(TestMethodWorker.java:134)
	at java.base/java.util.concurrent.Executors$RunnableAdapter.call(Executors.java:539)
	at java.base/java.util.concurrent.FutureTask.run(FutureTask.java:264)
	at org.testng.internal.thread.graph.TestNGFutureTask.run(TestNGFutureTask.java:22)
	at java.base/java.util.concurrent.ThreadPoolExecutor.runWorker(ThreadPoolExecutor.java:1136)
	at java.base/java.util.concurrent.ThreadPoolExecutor$Worker.run(ThreadPoolExecutor.java:635)
	at java.base/java.lang.Thread.run(Thread.java:840)
</pre></div></td>
<td>0</td>
<td>tests.SoftAssertsDemo@700fb871</td></tr>
<tr>
<td title='tests.AssertsDemo.EnableMethod2()'><b>EnableMethod2</b><br>Test class: tests.AssertsDemo</td>
<td><div><pre>java.lang.AssertionError: expected [true] but found [false]
	at tests.AssertsDemo.EnableMethod2(AssertsDemo.java:18)
	at java.base/java.util.concurrent.Executors$RunnableAdapter.call(Executors.java:539)
	at java.base/java.util.concurrent.FutureTask.run(FutureTask.java:264)
	at java.base/java.util.concurrent.ThreadPoolExecutor.runWorker(ThreadPoolExecutor.java:1136)
	at java.base/java.util.concurrent.ThreadPoolExecutor$Worker.run(ThreadPoolExecutor.java:635)
	at java.base/java.lang.Thread.run(Thread.java:840)
... Removed 17 stack frames</pre></div><a href='#' onClick='toggleBox("stack-trace1516034875", this, "Click to show all stack frames", "Click to hide stack frames")'>Click to show all stack frames</a>
<div class='stack-trace' id='stack-trace1516034875'><pre>java.lang.AssertionError: expected [true] but found [false]
	at org.testng.Assert.fail(Assert.java:111)
	at org.testng.Assert.failNotEquals(Assert.java:1578)
	at org.testng.Assert.assertTrue(Assert.java:57)
	at org.testng.Assert.assertTrue(Assert.java:67)
	at tests.AssertsDemo.EnableMethod2(AssertsDemo.java:18)
	at java.base/jdk.internal.reflect.NativeMethodAccessorImpl.invoke0(Native Method)
	at java.base/jdk.internal.reflect.NativeMethodAccessorImpl.invoke(NativeMethodAccessorImpl.java:77)
	at java.base/jdk.internal.reflect.DelegatingMethodAccessorImpl.invoke(DelegatingMethodAccessorImpl.java:43)
	at java.base/java.lang.reflect.Method.invoke(Method.java:568)
	at org.testng.internal.invokers.MethodInvocationHelper.invokeMethod(MethodInvocationHelper.java:141)
	at org.testng.internal.invokers.TestInvoker.invokeMethod(TestInvoker.java:686)
	at org.testng.internal.invokers.TestInvoker.invokeTestMethod(TestInvoker.java:230)
	at org.testng.internal.invokers.MethodRunner.runInSequence(MethodRunner.java:63)
	at org.testng.internal.invokers.TestInvoker$MethodInvocationAgent.invoke(TestInvoker.java:992)
	at org.testng.internal.invokers.TestInvoker.invokeTestMethods(TestInvoker.java:203)
	at org.testng.internal.invokers.TestMethodWorker.invokeTestMethods(TestMethodWorker.java:154)
	at org.testng.internal.invokers.TestMethodWorker.run(TestMethodWorker.java:134)
	at java.base/java.util.concurrent.Executors$RunnableAdapter.call(Executors.java:539)
	at java.base/java.util.concurrent.FutureTask.run(FutureTask.java:264)
	at org.testng.internal.thread.graph.TestNGFutureTask.run(TestNGFutureTask.java:22)
	at java.base/java.util.concurrent.ThreadPoolExecutor.runWorker(ThreadPoolExecutor.java:1136)
	at java.base/java.util.concurrent.ThreadPoolExecutor$Worker.run(ThreadPoolExecutor.java:635)
	at java.base/java.lang.Thread.run(Thread.java:840)
</pre></div></td>
<td>0</td>
<td>tests.AssertsDemo@41330d4f</td></tr>
<tr>
<td title='tests.AssertsDemo.EnableMethod3()'><b>EnableMethod3</b><br>Test class: tests.AssertsDemo</td>
<td><div><pre>java.lang.AssertionError: expected [false] but found [true]
	at tests.AssertsDemo.EnableMethod3(AssertsDemo.java:26)
	at java.base/java.util.concurrent.Executors$RunnableAdapter.call(Executors.java:539)
	at java.base/java.util.concurrent.FutureTask.run(FutureTask.java:264)
	at java.base/java.util.concurrent.ThreadPoolExecutor.runWorker(ThreadPoolExecutor.java:1136)
	at java.base/java.util.concurrent.ThreadPoolExecutor$Worker.run(ThreadPoolExecutor.java:635)
	at java.base/java.lang.Thread.run(Thread.java:840)
... Removed 20 stack frames</pre></div><a href='#' onClick='toggleBox("stack-trace1849497626", this, "Click to show all stack frames", "Click to hide stack frames")'>Click to show all stack frames</a>
<div class='stack-trace' id='stack-trace1849497626'><pre>java.lang.AssertionError: expected [false] but found [true]
	at org.testng.Assert.fail(Assert.java:111)
	at org.testng.Assert.failNotEquals(Assert.java:1578)
	at org.testng.Assert.assertEqualsImpl(Assert.java:150)
	at org.testng.Assert.assertEquals(Assert.java:132)
	at org.testng.Assert.assertEquals(Assert.java:1067)
	at org.testng.Assert.assertEquals(Assert.java:1031)
	at org.testng.Assert.assertEquals(Assert.java:1077)
	at tests.AssertsDemo.EnableMethod3(AssertsDemo.java:26)
	at java.base/jdk.internal.reflect.NativeMethodAccessorImpl.invoke0(Native Method)
	at java.base/jdk.internal.reflect.NativeMethodAccessorImpl.invoke(NativeMethodAccessorImpl.java:77)
	at java.base/jdk.internal.reflect.DelegatingMethodAccessorImpl.invoke(DelegatingMethodAccessorImpl.java:43)
	at java.base/java.lang.reflect.Method.invoke(Method.java:568)
	at org.testng.internal.invokers.MethodInvocationHelper.invokeMethod(MethodInvocationHelper.java:141)
	at org.testng.internal.invokers.TestInvoker.invokeMethod(TestInvoker.java:686)
	at org.testng.internal.invokers.TestInvoker.invokeTestMethod(TestInvoker.java:230)
	at org.testng.internal.invokers.MethodRunner.runInSequence(MethodRunner.java:63)
	at org.testng.internal.invokers.TestInvoker$MethodInvocationAgent.invoke(TestInvoker.java:992)
	at org.testng.internal.invokers.TestInvoker.invokeTestMethods(TestInvoker.java:203)
	at org.testng.internal.invokers.TestMethodWorker.invokeTestMethods(TestMethodWorker.java:154)
	at org.testng.internal.invokers.TestMethodWorker.run(TestMethodWorker.java:134)
	at java.base/java.util.concurrent.Executors$RunnableAdapter.call(Executors.java:539)
	at java.base/java.util.concurrent.FutureTask.run(FutureTask.java:264)
	at org.testng.internal.thread.graph.TestNGFutureTask.run(TestNGFutureTask.java:22)
	at java.base/java.util.concurrent.ThreadPoolExecutor.runWorker(ThreadPoolExecutor.java:1136)
	at java.base/java.util.concurrent.ThreadPoolExecutor$Worker.run(ThreadPoolExecutor.java:635)
	at java.base/java.lang.Thread.run(Thread.java:840)
</pre></div></td>
<td>0</td>
<td>tests.AssertsDemo@41330d4f</td></tr>
<tr>
<td title='tests.AlwaysRun.m1()'><b>m1</b><br>Test class: tests.AlwaysRun</td>
<td><div><pre>java.lang.AssertionError: null
	at tests.AlwaysRun.m1(AlwaysRun.java:12)
	at java.base/java.util.concurrent.Executors$RunnableAdapter.call(Executors.java:539)
	at java.base/java.util.concurrent.FutureTask.run(FutureTask.java:264)
	at java.base/java.util.concurrent.ThreadPoolExecutor.runWorker(ThreadPoolExecutor.java:1136)
	at java.base/java.util.concurrent.ThreadPoolExecutor$Worker.run(ThreadPoolExecutor.java:635)
	at java.base/java.lang.Thread.run(Thread.java:840)
... Removed 15 stack frames</pre></div><a href='#' onClick='toggleBox("stack-trace1968828878", this, "Click to show all stack frames", "Click to hide stack frames")'>Click to show all stack frames</a>
<div class='stack-trace' id='stack-trace1968828878'><pre>java.lang.AssertionError: null
	at org.testng.Assert.fail(Assert.java:111)
	at org.testng.Assert.fail(Assert.java:116)
	at tests.AlwaysRun.m1(AlwaysRun.java:12)
	at java.base/jdk.internal.reflect.NativeMethodAccessorImpl.invoke0(Native Method)
	at java.base/jdk.internal.reflect.NativeMethodAccessorImpl.invoke(NativeMethodAccessorImpl.java:77)
	at java.base/jdk.internal.reflect.DelegatingMethodAccessorImpl.invoke(DelegatingMethodAccessorImpl.java:43)
	at java.base/java.lang.reflect.Method.invoke(Method.java:568)
	at org.testng.internal.invokers.MethodInvocationHelper.invokeMethod(MethodInvocationHelper.java:141)
	at org.testng.internal.invokers.TestInvoker.invokeMethod(TestInvoker.java:686)
	at org.testng.internal.invokers.TestInvoker.invokeTestMethod(TestInvoker.java:230)
	at org.testng.internal.invokers.MethodRunner.runInSequence(MethodRunner.java:63)
	at org.testng.internal.invokers.TestInvoker$MethodInvocationAgent.invoke(TestInvoker.java:992)
	at org.testng.internal.invokers.TestInvoker.invokeTestMethods(TestInvoker.java:203)
	at org.testng.internal.invokers.TestMethodWorker.invokeTestMethods(TestMethodWorker.java:154)
	at org.testng.internal.invokers.TestMethodWorker.run(TestMethodWorker.java:134)
	at java.base/java.util.concurrent.Executors$RunnableAdapter.call(Executors.java:539)
	at java.base/java.util.concurrent.FutureTask.run(FutureTask.java:264)
	at org.testng.internal.thread.graph.TestNGFutureTask.run(TestNGFutureTask.java:22)
	at java.base/java.util.concurrent.ThreadPoolExecutor.runWorker(ThreadPoolExecutor.java:1136)
	at java.base/java.util.concurrent.ThreadPoolExecutor$Worker.run(ThreadPoolExecutor.java:635)
	at java.base/java.lang.Thread.run(Thread.java:840)
</pre></div></td>
<td>0</td>
<td>tests.AlwaysRun@7dfb0c0f</td></tr>
<tr>
<td title='tests.SoftAssertsDemo.EnableMethod3()'><b>EnableMethod3</b><br>Test class: tests.SoftAssertsDemo</td>
<td><div><pre>java.lang.AssertionError: The following asserts failed:
	expected [true] but found [false],
	expected [false] but found [true]
	at tests.SoftAssertsDemo.EnableMethod3(SoftAssertsDemo.java:37)
	at java.base/java.util.concurrent.Executors$RunnableAdapter.call(Executors.java:539)
	at java.base/java.util.concurrent.FutureTask.run(FutureTask.java:264)
	at java.base/java.util.concurrent.ThreadPoolExecutor.runWorker(ThreadPoolExecutor.java:1136)
	at java.base/java.util.concurrent.ThreadPoolExecutor$Worker.run(ThreadPoolExecutor.java:635)
	at java.base/java.lang.Thread.run(Thread.java:840)
... Removed 15 stack frames</pre></div><a href='#' onClick='toggleBox("stack-trace905682419", this, "Click to show all stack frames", "Click to hide stack frames")'>Click to show all stack frames</a>
<div class='stack-trace' id='stack-trace905682419'><pre>java.lang.AssertionError: The following asserts failed:
	expected [true] but found [false],
	expected [false] but found [true]
	at org.testng.asserts.SoftAssert.assertAll(SoftAssert.java:46)
	at org.testng.asserts.SoftAssert.assertAll(SoftAssert.java:30)
	at tests.SoftAssertsDemo.EnableMethod3(SoftAssertsDemo.java:37)
	at java.base/jdk.internal.reflect.NativeMethodAccessorImpl.invoke0(Native Method)
	at java.base/jdk.internal.reflect.NativeMethodAccessorImpl.invoke(NativeMethodAccessorImpl.java:77)
	at java.base/jdk.internal.reflect.DelegatingMethodAccessorImpl.invoke(DelegatingMethodAccessorImpl.java:43)
	at java.base/java.lang.reflect.Method.invoke(Method.java:568)
	at org.testng.internal.invokers.MethodInvocationHelper.invokeMethod(MethodInvocationHelper.java:141)
	at org.testng.internal.invokers.TestInvoker.invokeMethod(TestInvoker.java:686)
	at org.testng.internal.invokers.TestInvoker.invokeTestMethod(TestInvoker.java:230)
	at org.testng.internal.invokers.MethodRunner.runInSequence(MethodRunner.java:63)
	at org.testng.internal.invokers.TestInvoker$MethodInvocationAgent.invoke(TestInvoker.java:992)
	at org.testng.internal.invokers.TestInvoker.invokeTestMethods(TestInvoker.java:203)
	at org.testng.internal.invokers.TestMethodWorker.invokeTestMethods(TestMethodWorker.java:154)
	at org.testng.internal.invokers.TestMethodWorker.run(TestMethodWorker.java:134)
	at java.base/java.util.concurrent.Executors$RunnableAdapter.call(Executors.java:539)
	at java.base/java.util.concurrent.FutureTask.run(FutureTask.java:264)
	at org.testng.internal.thread.graph.TestNGFutureTask.run(TestNGFutureTask.java:22)
	at java.base/java.util.concurrent.ThreadPoolExecutor.runWorker(ThreadPoolExecutor.java:1136)
	at java.base/java.util.concurrent.ThreadPoolExecutor$Worker.run(ThreadPoolExecutor.java:635)
	at java.base/java.lang.Thread.run(Thread.java:840)
</pre></div></td>
<td>0</td>
<td>tests.SoftAssertsDemo@700fb871</td></tr>
</table><p>
<table width='100%' border='1' class='invocation-passed'>
<tr><td colspan='4' align='center'><b>PASSED TESTS</b></td></tr>
<tr><td><b>Test method</b></td>
<td><b>Attribute(s)</b></td>
<td width="30%"><b>Exception</b></td>
<td width="10%"><b>Time (seconds)</b></td>
<td><b>Instance</b></td>
</tr>
<tr>
<td title='tests.DependsOn.EnableMethod2()'><b>EnableMethod2</b><br>Test class: tests.DependsOn</td>
<td></td>
<td>0</td>
<td>tests.DependsOn@3e0e1046</td></tr>
<tr>
<td title='tests.Priority.m1()'><b>m1</b><br>Test class: tests.Priority</td>
<td></td>
<td>0</td>
<td>tests.Priority@5efa40fe</td></tr>
<tr>
<td title='tests.Priority.m2()'><b>m2</b><br>Test class: tests.Priority</td>
<td></td>
<td>0</td>
<td>tests.Priority@5efa40fe</td></tr>
<tr>
<td title='tests.DataProviderDemo.m1()'><b>m1</b><br>Test class: tests.DataProviderDemo<br>Parameters: venkat, 35, male</td>
<td></td>
<td>0</td>
<td>tests.DataProviderDemo@1b66c0fb</td></tr>
<tr>
<td title='tests.DependsOn.EnableMethod3()'><b>EnableMethod3</b><br>Test class: tests.DependsOn</td>
<td></td>
<td>0</td>
<td>tests.DependsOn@3e0e1046</td></tr>
<tr>
<td title='tests.DependsOn.EnableMethod1()'><b>EnableMethod1</b><br>Test class: tests.DependsOn</td>
<td></td>
<td>0</td>
<td>tests.DependsOn@3e0e1046</td></tr>
<tr>
<td title='tests.Priority.m2()'><b>m2</b><br>Test class: tests.Priority</td>
<td></td>
<td>0</td>
<td>tests.Priority@5efa40fe</td></tr>
<tr>
<td title='tests.Priority.m2()'><b>m2</b><br>Test class: tests.Priority</td>
<td></td>
<td>0</td>
<td>tests.Priority@5efa40fe</td></tr>
<tr>
<td title='tests.Priority.m2()'><b>m2</b><br>Test class: tests.Priority</td>
<td></td>
<td>0</td>
<td>tests.Priority@5efa40fe</td></tr>
<tr>
<td title='tests.AlwaysRun.m2()'><b>m2</b><br>Test class: tests.AlwaysRun</td>
<td></td>
<td>0</td>
<td>tests.AlwaysRun@7dfb0c0f</td></tr>
<tr>
<td title='tests.Priority.m2()'><b>m2</b><br>Test class: tests.Priority</td>
<td></td>
<td>0</td>
<td>tests.Priority@5efa40fe</td></tr>
<tr>
<td title='tests.DataProviderDemo.m1()'><b>m1</b><br>Test class: tests.DataProviderDemo<br>Parameters: Ramu, 63, male</td>
<td></td>
<td>0</td>
<td>tests.DataProviderDemo@1b66c0fb</td></tr>
<tr>
<td title='tests.ListenersDemo.m1()'><b>m1</b><br>Test class: tests.ListenersDemo</td>
<td></td>
<td>0</td>
<td>tests.ListenersDemo@37313c65</td></tr>
<tr>
<td title='tests.Priority.m2()'><b>m2</b><br>Test class: tests.Priority</td>
<td></td>
<td>0</td>
<td>tests.Priority@5efa40fe</td></tr>
<tr>
<td title='tests.SoftAssertsDemo.EnableMethod1()'><b>EnableMethod1</b><br>Test class: tests.SoftAssertsDemo</td>
<td></td>
<td>0</td>
<td>tests.SoftAssertsDemo@700fb871</td></tr>
<tr>
<td title='tests.Enable.EnableMethod1()'><b>EnableMethod1</b><br>Test class: tests.Enable</td>
<td></td>
<td>0</td>
<td>tests.Enable@24c1b2d2</td></tr>
<tr>
<td title='tests.GroupdsDemo.m2()'><b>m2</b><br>Test class: tests.GroupdsDemo</td>
<td></td>
<td>0</td>
<td>tests.GroupdsDemo@1e4f4a5c</td></tr>
<tr>
<td title='tests.Priority.m2()'><b>m2</b><br>Test class: tests.Priority</td>
<td></td>
<td>0</td>
<td>tests.Priority@5efa40fe</td></tr>
<tr>
<td title='tests.GroupdsDemo.m3()'><b>m3</b><br>Test class: tests.GroupdsDemo</td>
<td></td>
<td>0</td>
<td>tests.GroupdsDemo@1e4f4a5c</td></tr>
<tr>
<td title='tests.Priority.m2()'><b>m2</b><br>Test class: tests.Priority</td>
<td></td>
<td>0</td>
<td>tests.Priority@5efa40fe</td></tr>
<tr>
<td title='tests.DataProviderDemo.m1()'><b>m1</b><br>Test class: tests.DataProviderDemo<br>Parameters: mahesh, 29, male</td>
<td></td>
<td>0</td>
<td>tests.DataProviderDemo@1b66c0fb</td></tr>
<tr>
<td title='tests.Priority.m2()'><b>m2</b><br>Test class: tests.Priority</td>
<td></td>
<td>0</td>
<td>tests.Priority@5efa40fe</td></tr>
<tr>
<td title='tests.ParameterizationDemo.m1()'><b>m1</b><br>Test class: tests.ParameterizationDemo<br>Parameters: chrome, venkat, pass123</td>
<td></td>
<td>0</td>
<td>tests.ParameterizationDemo@5d908d47</td></tr>
<tr>
<td title='tests.ListenersDemo.m2()'><b>m2</b><br>Test class: tests.ListenersDemo</td>
<td></td>
<td>0</td>
<td>tests.ListenersDemo@37313c65</td></tr>
<tr>
<td title='tests.Priority.m2()'><b>m2</b><br>Test class: tests.Priority</td>
<td></td>
<td>0</td>
<td>tests.Priority@5efa40fe</td></tr>
<tr>
<td title='tests.AssertsDemo.EnableMethod1()'><b>EnableMethod1</b><br>Test class: tests.AssertsDemo</td>
<td></td>
<td>0</td>
<td>tests.AssertsDemo@41330d4f</td></tr>
<tr>
<td title='tests.GroupdsDemo.m4()'><b>m4</b><br>Test class: tests.GroupdsDemo</td>
<td></td>
<td>0</td>
<td>tests.GroupdsDemo@1e4f4a5c</td></tr>
</table><p>
</body>
</html>