<?xml version="1.0" encoding="UTF-8"?>
<testsuite xmlns:xsi="http://www.w3.org/2001/XMLSchema-instance" xsi:noNamespaceSchemaLocation="https://maven.apache.org/surefire/maven-surefire-plugin/xsd/surefire-test-report.xsd" name="TestSuite" time="0.724" tests="32" errors="0" skipped="0" failures="5">
  <properties>
    <property name="java.specification.version" value="17"/>
    <property name="sun.cpu.isalist" value="amd64"/>
    <property name="sun.jnu.encoding" value="Cp1252"/>
    <property name="java.class.path" value="C:\Users\venke\eclipse-workspace\TestNGPractice\target\test-classes;C:\Users\venke\eclipse-workspace\TestNGPractice\target\classes;C:\Users\venke\.m2\repository\org\testng\testng\7.10.2\testng-7.10.2.jar;C:\Users\venke\.m2\repository\org\slf4j\slf4j-api\1.7.36\slf4j-api-1.7.36.jar;C:\Users\venke\.m2\repository\com\beust\jcommander\1.82\jcommander-1.82.jar;C:\Users\venke\.m2\repository\org\webjars\jquery\3.7.1\jquery-3.7.1.jar;C:\Users\venke\.m2\repository\log4j\log4j\1.2.17\log4j-1.2.17.jar;C:\Users\venke\.m2\repository\org\apache\commons\commons-lang3\3.4\commons-lang3-3.4.jar;C:\Users\venke\.m2\repository\org\apache\maven\surefire\surefire-testng-utils\2.22.0\surefire-testng-utils-2.22.0.jar;C:\Users\venke\.m2\repository\org\apache\maven\surefire\surefire-grouper\2.22.0\surefire-grouper-2.22.0.jar;"/>
    <property name="java.vm.vendor" value="Eclipse Adoptium"/>
    <property name="sun.arch.data.model" value="64"/>
    <property name="user.variant" value=""/>
    <property name="java.vendor.url" value="https://adoptium.net/"/>
    <property name="user.timezone" value="Asia/Calcutta"/>
    <property name="os.name" value="Windows 11"/>
    <property name="java.vm.specification.version" value="17"/>
    <property name="sun.java.launcher" value="SUN_STANDARD"/>
    <property name="user.country" value="IN"/>
    <property name="sun.boot.library.path" value="C:\Users\venke\.p2\pool\plugins\org.eclipse.justj.openjdk.hotspot.jre.full.win32.x86_64_17.0.11.v20240426-1830\jre\bin"/>
    <property name="sun.java.command" value="C:\Users\venke\AppData\Local\Temp\surefire18341154997979132191\surefirebooter6548024954184623376.jar C:\Users\venke\AppData\Local\Temp\surefire18341154997979132191 2024-07-19T10-36-19_072-jvmRun1 surefire1288900953578878131tmp surefire_011509256200678383611tmp"/>
    <property name="jdk.debug" value="release"/>
    <property name="surefire.test.class.path" value="C:\Users\venke\eclipse-workspace\TestNGPractice\target\test-classes;C:\Users\venke\eclipse-workspace\TestNGPractice\target\classes;C:\Users\venke\.m2\repository\org\testng\testng\7.10.2\testng-7.10.2.jar;C:\Users\venke\.m2\repository\org\slf4j\slf4j-api\1.7.36\slf4j-api-1.7.36.jar;C:\Users\venke\.m2\repository\com\beust\jcommander\1.82\jcommander-1.82.jar;C:\Users\venke\.m2\repository\org\webjars\jquery\3.7.1\jquery-3.7.1.jar;C:\Users\venke\.m2\repository\log4j\log4j\1.2.17\log4j-1.2.17.jar;C:\Users\venke\.m2\repository\org\apache\commons\commons-lang3\3.4\commons-lang3-3.4.jar;C:\Users\venke\.m2\repository\org\apache\maven\surefire\surefire-testng-utils\2.22.0\surefire-testng-utils-2.22.0.jar;C:\Users\venke\.m2\repository\org\apache\maven\surefire\surefire-grouper\2.22.0\surefire-grouper-2.22.0.jar;"/>
    <property name="sun.cpu.endian" value="little"/>
    <property name="user.home" value="C:\Users\venke"/>
    <property name="user.language" value="en"/>
    <property name="java.specification.vendor" value="Oracle Corporation"/>
    <property name="java.version.date" value="2024-04-16"/>
    <property name="java.home" value="C:\Users\venke\.p2\pool\plugins\org.eclipse.justj.openjdk.hotspot.jre.full.win32.x86_64_17.0.11.v20240426-1830\jre"/>
    <property name="file.separator" value="\"/>
    <property name="style.color" value="always"/>
    <property name="basedir" value="C:\Users\venke\eclipse-workspace\TestNGPractice"/>
    <property name="java.vm.compressedOopsMode" value="Zero based"/>
    <property name="line.separator" value="&#10;"/>
    <property name="java.vm.specification.vendor" value="Oracle Corporation"/>
    <property name="java.specification.name" value="Java Platform API Specification"/>
    <property name="surefire.real.class.path" value="C:\Users\venke\AppData\Local\Temp\surefire18341154997979132191\surefirebooter6548024954184623376.jar"/>
    <property name="user.script" value=""/>
    <property name="sun.management.compiler" value="HotSpot 64-Bit Tiered Compilers"/>
    <property name="java.runtime.version" value="17.0.11+9"/>
    <property name="user.name" value="venke"/>
    <property name="path.separator" value=";"/>
    <property name="os.version" value="10.0"/>
    <property name="java.runtime.name" value="OpenJDK Runtime Environment"/>
    <property name="file.encoding" value="Cp1252"/>
    <property name="yearsOfExperience" value="yearsOfExperience"/>
    <property name="java.vm.name" value="OpenJDK 64-Bit Server VM"/>
    <property name="java.vendor.version" value="Temurin-17.0.11+9"/>
    <property name="localRepository" value="C:\Users\venke\.m2\repository"/>
    <property name="java.vendor.url.bug" value="https://github.com/adoptium/adoptium-support/issues"/>
    <property name="java.io.tmpdir" value="C:\Users\venke\AppData\Local\Temp\"/>
    <property name="java.version" value="17.0.11"/>
    <property name="user.dir" value="C:\Users\venke\eclipse-workspace\TestNGPractice"/>
    <property name="os.arch" value="amd64"/>
    <property name="java.vm.specification.name" value="Java Virtual Machine Specification"/>
    <property name="sun.os.patch.level" value=""/>
    <property name="native.encoding" value="Cp1252"/>
    <property name="java.library.path" value="C:\Users\venke\.p2\pool\plugins\org.eclipse.justj.openjdk.hotspot.jre.full.win32.x86_64_17.0.11.v20240426-1830\jre\bin;C:\Windows\Sun\Java\bin;C:\Windows\system32;C:\Windows;C:/Users/venke/.p2/pool/plugins/org.eclipse.justj.openjdk.hotspot.jre.full.win32.x86_64_17.0.11.v20240426-1830/jre/bin/server;C:/Users/venke/.p2/pool/plugins/org.eclipse.justj.openjdk.hotspot.jre.full.win32.x86_64_17.0.11.v20240426-1830/jre/bin;C:\Program Files\Common Files\Oracle\Java\javapath;C:\Program Files (x86)\Common Files\Intel\Shared Libraries\redist\intel64\compiler;C:\Windows\system32;C:\Windows;C:\Windows\System32\Wbem;C:\Windows\System32\WindowsPowerShell\v1.0\;C:\Windows\System32\OpenSSH\;C:\Program Files (x86)\NVIDIA Corporation\PhysX\Common;C:\Program Files\NVIDIA Corporation\NVIDIA NvDLISR;C:\Program Files\WireGuard\;C:\Program Files\Calibre2\;C:\Program Files\dotnet\;C:\Program Files\Java\jdk-17\bin;C:\apache-maven-3.9.7\bin;C:\Program Files\Git\cmd;C:\Users\venke\eclipse-workspace\SeleniumProject\Drivers;C:\Users\venke\eclipse-workspace\SeleniumProject\Drivers\geckodriver.exe;C:\Program Files\TortoiseGit\bin;C:\Users\venke\AppData\Local\Microsoft\WindowsApps;;C:\Users\venke\eclipse\java-2024-032\eclipse;;."/>
    <property name="java.vm.info" value="mixed mode"/>
    <property name="java.vendor" value="Eclipse Adoptium"/>
    <property name="java.vm.version" value="17.0.11+9"/>
    <property name="sun.io.unicode.encoding" value="UnicodeLittle"/>
    <property name="java.class.version" value="61.0"/>
  </properties>
  <testcase name="EnableMethod1" classname="tests.Enable" time="0.004"/>
  <testcase name="EnableMethod1" classname="tests.DependsOn" time="0.005"/>
  <testcase name="m1" classname="tests.Priority" time="0.005"/>
  <testcase name="EnableMethod1" classname="tests.AssertsDemo" time="0.005"/>
  <testcase name="EnableMethod1" classname="tests.SoftAssertsDemo" time="0.007"/>
  <testcase name="EnableMethod3" classname="tests.DependsOn" time="0"/>
  <testcase name="EnableMethod2" classname="tests.SoftAssertsDemo" time="0.002">
    <failure message="The following asserts failed:&#10;	expected [true] but found [false],&#10;	expected [false] but found [true],&#10;	expected [true] but found [false],&#10;	expected [false] but found [true]" type="java.lang.AssertionError">java.lang.AssertionError: 
The following asserts failed:
	expected [true] but found [false],
	expected [false] but found [true],
	expected [true] but found [false],
	expected [false] but found [true]
	at tests.SoftAssertsDemo.EnableMethod2(SoftAssertsDemo.java:28)
</failure>
  </testcase>
  <testcase name="EnableMethod2" classname="tests.AssertsDemo" time="0.002">
    <failure message="expected [true] but found [false]" type="java.lang.AssertionError">java.lang.AssertionError: expected [true] but found [false]
	at tests.AssertsDemo.EnableMethod2(AssertsDemo.java:18)
</failure>
  </testcase>
  <testcase name="EnableMethod3" classname="tests.SoftAssertsDemo" time="0.002">
    <failure message="The following asserts failed:&#10;	expected [true] but found [false],&#10;	expected [false] but found [true],&#10;	expected [true] but found [false]" type="java.lang.AssertionError">java.lang.AssertionError: 
The following asserts failed:
	expected [true] but found [false],
	expected [false] but found [true],
	expected [true] but found [false]
	at tests.SoftAssertsDemo.EnableMethod3(SoftAssertsDemo.java:37)
</failure>
  </testcase>
  <testcase name="EnableMethod3" classname="tests.AssertsDemo" time="0.003">
    <failure message="expected [false] but found [true]" type="java.lang.AssertionError">java.lang.AssertionError: expected [false] but found [true]
	at tests.AssertsDemo.EnableMethod3(AssertsDemo.java:26)
</failure>
  </testcase>
  <testcase name="EnableMethod2" classname="tests.DependsOn" time="0"/>
  <testcase name="m2" classname="tests.ListenersDemo" time="0.001"/>
  <testcase name="m1" classname="tests.AlwaysRun" time="0.001">
    <failure type="java.lang.AssertionError:">java.lang.AssertionError: null
	at tests.AlwaysRun.m1(AlwaysRun.java:12)
</failure>
  </testcase>
  <testcase name="m1" classname="tests.ListenersDemo" time="0"/>
  <testcase name="m2" classname="tests.Priority" time="0"/>
  <testcase name="m2" classname="tests.Priority" time="0"/>
  <testcase name="m2" classname="tests.Priority" time="0"/>
  <testcase name="m2" classname="tests.Priority" time="0"/>
  <testcase name="m2" classname="tests.Priority" time="0.001"/>
  <testcase name="m2" classname="tests.Priority" time="0"/>
  <testcase name="m2" classname="tests.Priority" time="0"/>
  <testcase name="m2" classname="tests.Priority" time="0.001"/>
  <testcase name="m2" classname="tests.Priority" time="0"/>
  <testcase name="m2" classname="tests.Priority" time="0"/>
  <testcase name="m1" classname="tests.DataProviderDemo" time="0.003"/>
  <testcase name="m1" classname="tests.DataProviderDemo" time="0"/>
  <testcase name="m1" classname="tests.DataProviderDemo" time="0"/>
  <testcase name="m2" classname="tests.AlwaysRun" time="0"/>
  <testcase name="m2" classname="tests.GroupdsDemo" time="0"/>
  <testcase name="m3" classname="tests.GroupdsDemo" time="0"/>
  <testcase name="m1" classname="tests.ParameterizationDemo" time="0"/>
  <testcase name="m4" classname="tests.GroupdsDemo" time="0.001"/>
</testsuite>