<!DOCTYPE html PUBLIC "-//W3C//DTD XHTML 1.1//EN" "https://www.w3.org/TR/xhtml11/DTD/xhtml11.dtd">
<html xmlns="https://www.w3.org/1999/xhtml">
<head>
<meta http-equiv="content-type" content="text/html; charset=UTF-8"/>
<title>TestNG Report</title>
<style type="text/css">table {margin-bottom:10px;border-collapse:collapse;empty-cells:show}th,td {border:1px solid #009;padding:.25em .5em}th {vertical-align:bottom}td {vertical-align:top}table a {font-weight:bold}.stripe td {background-color: #E6EBF9}.num {text-align:right}.passedodd td {background-color: #3F3}.passedeven td {background-color: #0A0}.skippedodd td {background-color: #DDD}.skippedeven td {background-color: #CCC}.failedodd td,.attn {background-color: #F33}.failedeven td,.stripe .attn {background-color: #D00}.stacktrace {white-space:pre;font-family:monospace}.totop {font-size:85%;text-align:center;border-bottom:2px solid #000}.invisible {display:none}</style>
</head>
<body>
<table>
<tr><th>Test</th><th># Passed</th><th># Skipped</th><th># Retried</th><th># Failed</th><th>Time (ms)</th><th>Included Groups</th><th>Excluded Groups</th></tr>
<tr><th colspan="8">Suite</th></tr>
<tr><td><a href="#t0">Test</a></td><td class="num">27</td><td class="num">0</td><td class="num">0</td><td class="num attn">5</td><td class="num">86</td><td></td><td>regression</td></tr>
</table>
<table id='summary'><thead><tr><th>Class</th><th>Method</th><th>Start</th><th>Time (ms)</th></tr></thead><tbody><tr><th colspan="4">Suite</th></tr></tbody><tbody id="t0"><tr><th colspan="4">Test &#8212; failed</th></tr><tr class="failedeven"><td rowspan="1">tests.AlwaysRun</td><td><a href="#m0">m1</a></td><td rowspan="1">1721365192176</td><td rowspan="1">2</td></tr><tr class="failedodd"><td rowspan="2">tests.AssertsDemo</td><td><a href="#m1">EnableMethod2</a></td><td rowspan="1">1721365192159</td><td rowspan="1">9</td></tr><tr class="failedodd"><td><a href="#m2">EnableMethod3</a></td><td rowspan="1">1721365192163</td><td rowspan="1">5</td></tr><tr class="failedeven"><td rowspan="2">tests.SoftAssertsDemo</td><td><a href="#m3">EnableMethod2</a></td><td rowspan="1">1721365192159</td><td rowspan="1">10</td></tr><tr class="failedeven"><td><a href="#m4">EnableMethod3</a></td><td rowspan="1">1721365192163</td><td rowspan="1">6</td></tr><tr><th colspan="4">Test &#8212; passed</th></tr><tr class="passedeven"><td rowspan="1">tests.AlwaysRun</td><td><a href="#m5">m2</a></td><td rowspan="1">1721365192180</td><td rowspan="1">5</td></tr><tr class="passedodd"><td rowspan="1">tests.AssertsDemo</td><td><a href="#m6">EnableMethod1</a></td><td rowspan="1">1721365192150</td><td rowspan="1">10</td></tr><tr class="passedeven"><td rowspan="3">tests.DataProviderDemo</td><td><a href="#m7">m1</a></td><td rowspan="3">1721365192180</td><td rowspan="3">5</td></tr><tr class="passedeven"><td><a href="#m8">m1</a></td></tr><tr class="passedeven"><td><a href="#m9">m1</a></td></tr><tr class="passedodd"><td rowspan="3">tests.DependsOn</td><td><a href="#m10">EnableMethod1</a></td><td rowspan="1">1721365192150</td><td rowspan="1">6</td></tr><tr class="passedodd"><td><a href="#m11">EnableMethod2</a></td><td rowspan="1">1721365192183</td><td rowspan="1">2</td></tr><tr class="passedodd"><td><a href="#m12">EnableMethod3</a></td><td rowspan="1">1721365192175</td><td rowspan="1">5</td></tr><tr class="passedeven"><td rowspan="1">tests.Enable</td><td><a href="#m13">EnableMethod1</a></td><td rowspan="1">1721365192150</td><td rowspan="1">4</td></tr><tr class="passedodd"><td rowspan="3">tests.GroupdsDemo</td><td><a href="#m14">m2</a></td><td rowspan="1">1721365192186</td><td rowspan="1">3</td></tr><tr class="passedodd"><td><a href="#m15">m3</a></td><td rowspan="1">1721365192187</td><td rowspan="1">2</td></tr><tr class="passedodd"><td><a href="#m16">m4</a></td><td rowspan="1">1721365192193</td><td rowspan="1">1</td></tr><tr class="passedeven"><td rowspan="2">tests.ListenersDemo</td><td><a href="#m17">m1</a></td><td rowspan="1">1721365192177</td><td rowspan="1">2</td></tr><tr class="passedeven"><td><a href="#m18">m2</a></td><td rowspan="1">1721365192180</td><td rowspan="1">1</td></tr><tr class="passedodd"><td rowspan="1">tests.ParameterizationDemo</td><td><a href="#m19">m1</a></td><td rowspan="1">1721365192182</td><td rowspan="1">4</td></tr><tr class="passedeven"><td rowspan="11">tests.Priority</td><td><a href="#m20">m1</a></td><td rowspan="1">1721365192150</td><td rowspan="1">6</td></tr><tr class="passedeven"><td><a href="#m21">m2</a></td><td rowspan="10">1721365192203</td><td rowspan="10">1</td></tr><tr class="passedeven"><td><a href="#m22">m2</a></td></tr><tr class="passedeven"><td><a href="#m23">m2</a></td></tr><tr class="passedeven"><td><a href="#m24">m2</a></td></tr><tr class="passedeven"><td><a href="#m25">m2</a></td></tr><tr class="passedeven"><td><a href="#m26">m2</a></td></tr><tr class="passedeven"><td><a href="#m27">m2</a></td></tr><tr class="passedeven"><td><a href="#m28">m2</a></td></tr><tr class="passedeven"><td><a href="#m29">m2</a></td></tr><tr class="passedeven"><td><a href="#m30">m2</a></td></tr><tr class="passedodd"><td rowspan="1">tests.SoftAssertsDemo</td><td><a href="#m31">EnableMethod1</a></td><td rowspan="1">1721365192150</td><td rowspan="1">24</td></tr></tbody>
</table>
<h2>Test</h2><h3 id="m0">tests.AlwaysRun#m1</h3><table class="result"><tr><th>Exception</th></tr><tr><td><div class="stacktrace">java.lang.AssertionError: null
	at tests.AlwaysRun.m1(AlwaysRun.java:12)
	at java.base/java.util.concurrent.Executors$RunnableAdapter.call(Executors.java:539)
	at java.base/java.util.concurrent.FutureTask.run(FutureTask.java:264)
	at java.base/java.util.concurrent.ThreadPoolExecutor.runWorker(ThreadPoolExecutor.java:1136)
	at java.base/java.util.concurrent.ThreadPoolExecutor$Worker.run(ThreadPoolExecutor.java:635)
	at java.base/java.lang.Thread.run(Thread.java:840)
... Removed 15 stack frames</div></td></tr></table><p class="totop"><a href="#summary">back to summary</a></p>
<h3 id="m1">tests.AssertsDemo#EnableMethod2</h3><table class="result"><tr><th>Exception</th></tr><tr><td><div class="stacktrace">java.lang.AssertionError: expected [true] but found [false]
	at tests.AssertsDemo.EnableMethod2(AssertsDemo.java:18)
	at java.base/java.util.concurrent.Executors$RunnableAdapter.call(Executors.java:539)
	at java.base/java.util.concurrent.FutureTask.run(FutureTask.java:264)
	at java.base/java.util.concurrent.ThreadPoolExecutor.runWorker(ThreadPoolExecutor.java:1136)
	at java.base/java.util.concurrent.ThreadPoolExecutor$Worker.run(ThreadPoolExecutor.java:635)
	at java.base/java.lang.Thread.run(Thread.java:840)
... Removed 17 stack frames</div></td></tr></table><p class="totop"><a href="#summary">back to summary</a></p>
<h3 id="m2">tests.AssertsDemo#EnableMethod3</h3><table class="result"><tr><th>Exception</th></tr><tr><td><div class="stacktrace">java.lang.AssertionError: expected [false] but found [true]
	at tests.AssertsDemo.EnableMethod3(AssertsDemo.java:26)
	at java.base/java.util.concurrent.Executors$RunnableAdapter.call(Executors.java:539)
	at java.base/java.util.concurrent.FutureTask.run(FutureTask.java:264)
	at java.base/java.util.concurrent.ThreadPoolExecutor.runWorker(ThreadPoolExecutor.java:1136)
	at java.base/java.util.concurrent.ThreadPoolExecutor$Worker.run(ThreadPoolExecutor.java:635)
	at java.base/java.lang.Thread.run(Thread.java:840)
... Removed 20 stack frames</div></td></tr></table><p class="totop"><a href="#summary">back to summary</a></p>
<h3 id="m3">tests.SoftAssertsDemo#EnableMethod2</h3><table class="result"><tr><th>Exception</th></tr><tr><td><div class="stacktrace">java.lang.AssertionError: The following asserts failed:
	expected [true] but found [false],
	expected [false] but found [true]
	at tests.SoftAssertsDemo.EnableMethod2(SoftAssertsDemo.java:28)
	at java.base/java.util.concurrent.Executors$RunnableAdapter.call(Executors.java:539)
	at java.base/java.util.concurrent.FutureTask.run(FutureTask.java:264)
	at java.base/java.util.concurrent.ThreadPoolExecutor.runWorker(ThreadPoolExecutor.java:1136)
	at java.base/java.util.concurrent.ThreadPoolExecutor$Worker.run(ThreadPoolExecutor.java:635)
	at java.base/java.lang.Thread.run(Thread.java:840)
... Removed 15 stack frames</div></td></tr></table><p class="totop"><a href="#summary">back to summary</a></p>
<h3 id="m4">tests.SoftAssertsDemo#EnableMethod3</h3><table class="result"><tr><th>Exception</th></tr><tr><td><div class="stacktrace">java.lang.AssertionError: The following asserts failed:
	expected [true] but found [false],
	expected [false] but found [true]
	at tests.SoftAssertsDemo.EnableMethod3(SoftAssertsDemo.java:37)
	at java.base/java.util.concurrent.Executors$RunnableAdapter.call(Executors.java:539)
	at java.base/java.util.concurrent.FutureTask.run(FutureTask.java:264)
	at java.base/java.util.concurrent.ThreadPoolExecutor.runWorker(ThreadPoolExecutor.java:1136)
	at java.base/java.util.concurrent.ThreadPoolExecutor$Worker.run(ThreadPoolExecutor.java:635)
	at java.base/java.lang.Thread.run(Thread.java:840)
... Removed 15 stack frames</div></td></tr></table><p class="totop"><a href="#summary">back to summary</a></p>
<h3 id="m5">tests.AlwaysRun#m2</h3><table class="result"><tr><th class="invisible"/></tr></table><p class="totop"><a href="#summary">back to summary</a></p>
<h3 id="m6">tests.AssertsDemo#EnableMethod1</h3><table class="result"><tr><th class="invisible"/></tr></table><p class="totop"><a href="#summary">back to summary</a></p>
<h3 id="m7">tests.DataProviderDemo#m1</h3><table class="result"><tr class="param"><th>Parameter #1</th><th>Parameter #2</th><th>Parameter #3</th></tr><tr class="param stripe"><td>venkat</td><td>35</td><td>male</td></tr></table><p class="totop"><a href="#summary">back to summary</a></p>
<h3 id="m8">tests.DataProviderDemo#m1</h3><table class="result"><tr class="param"><th>Parameter #1</th><th>Parameter #2</th><th>Parameter #3</th></tr><tr class="param stripe"><td>Ramu</td><td>63</td><td>male</td></tr></table><p class="totop"><a href="#summary">back to summary</a></p>
<h3 id="m9">tests.DataProviderDemo#m1</h3><table class="result"><tr class="param"><th>Parameter #1</th><th>Parameter #2</th><th>Parameter #3</th></tr><tr class="param stripe"><td>mahesh</td><td>29</td><td>male</td></tr></table><p class="totop"><a href="#summary">back to summary</a></p>
<h3 id="m10">tests.DependsOn#EnableMethod1</h3><table class="result"><tr><th class="invisible"/></tr></table><p class="totop"><a href="#summary">back to summary</a></p>
<h3 id="m11">tests.DependsOn#EnableMethod2</h3><table class="result"><tr><th class="invisible"/></tr></table><p class="totop"><a href="#summary">back to summary</a></p>
<h3 id="m12">tests.DependsOn#EnableMethod3</h3><table class="result"><tr><th class="invisible"/></tr></table><p class="totop"><a href="#summary">back to summary</a></p>
<h3 id="m13">tests.Enable#EnableMethod1</h3><table class="result"><tr><th class="invisible"/></tr></table><p class="totop"><a href="#summary">back to summary</a></p>
<h3 id="m14">tests.GroupdsDemo#m2</h3><table class="result"><tr><th class="invisible"/></tr></table><p class="totop"><a href="#summary">back to summary</a></p>
<h3 id="m15">tests.GroupdsDemo#m3</h3><table class="result"><tr><th class="invisible"/></tr></table><p class="totop"><a href="#summary">back to summary</a></p>
<h3 id="m16">tests.GroupdsDemo#m4</h3><table class="result"><tr><th class="invisible"/></tr></table><p class="totop"><a href="#summary">back to summary</a></p>
<h3 id="m17">tests.ListenersDemo#m1</h3><table class="result"><tr><th class="invisible"/></tr></table><p class="totop"><a href="#summary">back to summary</a></p>
<h3 id="m18">tests.ListenersDemo#m2</h3><table class="result"><tr><th class="invisible"/></tr></table><p class="totop"><a href="#summary">back to summary</a></p>
<h3 id="m19">tests.ParameterizationDemo#m1</h3><table class="result"><tr class="param"><th>Parameter #1</th><th>Parameter #2</th><th>Parameter #3</th></tr><tr class="param stripe"><td>chrome</td><td>venkat</td><td>pass123</td></tr></table><p class="totop"><a href="#summary">back to summary</a></p>
<h3 id="m20">tests.Priority#m1</h3><table class="result"><tr><th class="invisible"/></tr></table><p class="totop"><a href="#summary">back to summary</a></p>
<h3 id="m21">tests.Priority#m2</h3><table class="result"><tr><th class="invisible"/></tr></table><p class="totop"><a href="#summary">back to summary</a></p>
<h3 id="m22">tests.Priority#m2</h3><table class="result"><tr><th class="invisible"/></tr></table><p class="totop"><a href="#summary">back to summary</a></p>
<h3 id="m23">tests.Priority#m2</h3><table class="result"><tr><th class="invisible"/></tr></table><p class="totop"><a href="#summary">back to summary</a></p>
<h3 id="m24">tests.Priority#m2</h3><table class="result"><tr><th class="invisible"/></tr></table><p class="totop"><a href="#summary">back to summary</a></p>
<h3 id="m25">tests.Priority#m2</h3><table class="result"><tr><th class="invisible"/></tr></table><p class="totop"><a href="#summary">back to summary</a></p>
<h3 id="m26">tests.Priority#m2</h3><table class="result"><tr><th class="invisible"/></tr></table><p class="totop"><a href="#summary">back to summary</a></p>
<h3 id="m27">tests.Priority#m2</h3><table class="result"><tr><th class="invisible"/></tr></table><p class="totop"><a href="#summary">back to summary</a></p>
<h3 id="m28">tests.Priority#m2</h3><table class="result"><tr><th class="invisible"/></tr></table><p class="totop"><a href="#summary">back to summary</a></p>
<h3 id="m29">tests.Priority#m2</h3><table class="result"><tr><th class="invisible"/></tr></table><p class="totop"><a href="#summary">back to summary</a></p>
<h3 id="m30">tests.Priority#m2</h3><table class="result"><tr><th class="invisible"/></tr></table><p class="totop"><a href="#summary">back to summary</a></p>
<h3 id="m31">tests.SoftAssertsDemo#EnableMethod1</h3><table class="result"><tr><th class="invisible"/></tr></table><p class="totop"><a href="#summary">back to summary</a></p>
</body>
</html>
